[2021-11-17 01:21:12] local.ERROR: Command "balde" is not defined. {"exception":"[object] (Symfony\\Component\\Console\\Exception\\CommandNotFoundException(code: 0): Command \"balde\" is not defined. at /Users/camrynreid/Documents/School/CapstoneProject/housemates/vendor/symfony/console/Application.php:682)
[stacktrace]
#0 /Users/camrynreid/Documents/School/CapstoneProject/housemates/vendor/symfony/console/Application.php(255): Symfony\\Component\\Console\\Application->find('balde')
#1 /Users/camrynreid/Documents/School/CapstoneProject/housemates/vendor/symfony/console/Application.php(167): Symfony\\Component\\Console\\Application->doRun(Object(Symfony\\Component\\Console\\Input\\ArgvInput), Object(Symfony\\Component\\Console\\Output\\ConsoleOutput))
#2 /Users/camrynreid/Documents/School/CapstoneProject/housemates/vendor/laravel/framework/src/Illuminate/Console/Application.php(94): Symfony\\Component\\Console\\Application->run(Object(Symfony\\Component\\Console\\Input\\ArgvInput), Object(Symfony\\Component\\Console\\Output\\ConsoleOutput))
#3 /Users/camrynreid/Documents/School/CapstoneProject/housemates/vendor/laravel/framework/src/Illuminate/Foundation/Console/Kernel.php(129): Illuminate\\Console\\Application->run(Object(Symfony\\Component\\Console\\Input\\ArgvInput), Object(Symfony\\Component\\Console\\Output\\ConsoleOutput))
#4 /Users/camrynreid/Documents/School/CapstoneProject/housemates/artisan(37): Illuminate\\Foundation\\Console\\Kernel->handle(Object(Symfony\\Component\\Console\\Input\\ArgvInput), Object(Symfony\\Component\\Console\\Output\\ConsoleOutput))
#5 {main}
"} 
[2021-11-17 01:21:16] local.ERROR: Command "blade" is not defined. {"exception":"[object] (Symfony\\Component\\Console\\Exception\\CommandNotFoundException(code: 0): Command \"blade\" is not defined. at /Users/camrynreid/Documents/School/CapstoneProject/housemates/vendor/symfony/console/Application.php:682)
[stacktrace]
#0 /Users/camrynreid/Documents/School/CapstoneProject/housemates/vendor/symfony/console/Application.php(255): Symfony\\Component\\Console\\Application->find('blade')
#1 /Users/camrynreid/Documents/School/CapstoneProject/housemates/vendor/symfony/console/Application.php(167): Symfony\\Component\\Console\\Application->doRun(Object(Symfony\\Component\\Console\\Input\\ArgvInput), Object(Symfony\\Component\\Console\\Output\\ConsoleOutput))
#2 /Users/camrynreid/Documents/School/CapstoneProject/housemates/vendor/laravel/framework/src/Illuminate/Console/Application.php(94): Symfony\\Component\\Console\\Application->run(Object(Symfony\\Component\\Console\\Input\\ArgvInput), Object(Symfony\\Component\\Console\\Output\\ConsoleOutput))
#3 /Users/camrynreid/Documents/School/CapstoneProject/housemates/vendor/laravel/framework/src/Illuminate/Foundation/Console/Kernel.php(129): Illuminate\\Console\\Application->run(Object(Symfony\\Component\\Console\\Input\\ArgvInput), Object(Symfony\\Component\\Console\\Output\\ConsoleOutput))
#4 /Users/camrynreid/Documents/School/CapstoneProject/housemates/artisan(37): Illuminate\\Foundation\\Console\\Kernel->handle(Object(Symfony\\Component\\Console\\Input\\ArgvInput), Object(Symfony\\Component\\Console\\Output\\ConsoleOutput))
#5 {main}
"} 
[2021-11-17 01:22:10] local.ERROR: Command "main" is not defined. {"exception":"[object] (Symfony\\Component\\Console\\Exception\\CommandNotFoundException(code: 0): Command \"main\" is not defined. at /Users/camrynreid/Documents/School/CapstoneProject/housemates/vendor/symfony/console/Application.php:682)
[stacktrace]
#0 /Users/camrynreid/Documents/School/CapstoneProject/housemates/vendor/symfony/console/Application.php(255): Symfony\\Component\\Console\\Application->find('main')
#1 /Users/camrynreid/Documents/School/CapstoneProject/housemates/vendor/symfony/console/Application.php(167): Symfony\\Component\\Console\\Application->doRun(Object(Symfony\\Component\\Console\\Input\\ArgvInput), Object(Symfony\\Component\\Console\\Output\\ConsoleOutput))
#2 /Users/camrynreid/Documents/School/CapstoneProject/housemates/vendor/laravel/framework/src/Illuminate/Console/Application.php(94): Symfony\\Component\\Console\\Application->run(Object(Symfony\\Component\\Console\\Input\\ArgvInput), Object(Symfony\\Component\\Console\\Output\\ConsoleOutput))
#3 /Users/camrynreid/Documents/School/CapstoneProject/housemates/vendor/laravel/framework/src/Illuminate/Foundation/Console/Kernel.php(129): Illuminate\\Console\\Application->run(Object(Symfony\\Component\\Console\\Input\\ArgvInput), Object(Symfony\\Component\\Console\\Output\\ConsoleOutput))
#4 /Users/camrynreid/Documents/School/CapstoneProject/housemates/artisan(37): Illuminate\\Foundation\\Console\\Kernel->handle(Object(Symfony\\Component\\Console\\Input\\ArgvInput), Object(Symfony\\Component\\Console\\Output\\ConsoleOutput))
#5 {main}
"} 
[2021-12-02 23:29:13] local.ERROR: filemtime(): stat failed for /Users/camrynreid/Documents/School/CapstoneProject/housemates/.env {"exception":"[object] (ErrorException(code: 0): filemtime(): stat failed for /Users/camrynreid/Documents/School/CapstoneProject/housemates/.env at /Users/camrynreid/Documents/School/CapstoneProject/housemates/vendor/laravel/framework/src/Illuminate/Foundation/Console/ServeCommand.php:66)
[stacktrace]
#0 [internal function]: Illuminate\\Foundation\\Bootstrap\\HandleExceptions->handleError(2, 'filemtime(): st...', '/Users/camrynre...', 66)
#1 /Users/camrynreid/Documents/School/CapstoneProject/housemates/vendor/laravel/framework/src/Illuminate/Foundation/Console/ServeCommand.php(66): filemtime('/Users/camrynre...')
#2 /Users/camrynreid/Documents/School/CapstoneProject/housemates/vendor/laravel/framework/src/Illuminate/Foundation/Console/ServeCommand.php(84): Illuminate\\Foundation\\Console\\ServeCommand->handle()
#3 /Users/camrynreid/Documents/School/CapstoneProject/housemates/vendor/laravel/framework/src/Illuminate/Container/BoundMethod.php(36): Illuminate\\Foundation\\Console\\ServeCommand->handle()
#4 /Users/camrynreid/Documents/School/CapstoneProject/housemates/vendor/laravel/framework/src/Illuminate/Container/Util.php(40): Illuminate\\Container\\BoundMethod::Illuminate\\Container\\{closure}()
#5 /Users/camrynreid/Documents/School/CapstoneProject/housemates/vendor/laravel/framework/src/Illuminate/Container/BoundMethod.php(93): Illuminate\\Container\\Util::unwrapIfClosure(Object(Closure))
#6 /Users/camrynreid/Documents/School/CapstoneProject/housemates/vendor/laravel/framework/src/Illuminate/Container/BoundMethod.php(37): Illuminate\\Container\\BoundMethod::callBoundMethod(Object(Illuminate\\Foundation\\Application), Array, Object(Closure))
#7 /Users/camrynreid/Documents/School/CapstoneProject/housemates/vendor/laravel/framework/src/Illuminate/Container/Container.php(653): Illuminate\\Container\\BoundMethod::call(Object(Illuminate\\Foundation\\Application), Array, Array, NULL)
#8 /Users/camrynreid/Documents/School/CapstoneProject/housemates/vendor/laravel/framework/src/Illuminate/Console/Command.php(136): Illuminate\\Container\\Container->call(Array)
#9 /Users/camrynreid/Documents/School/CapstoneProject/housemates/vendor/symfony/console/Command/Command.php(299): Illuminate\\Console\\Command->execute(Object(Symfony\\Component\\Console\\Input\\ArgvInput), Object(Illuminate\\Console\\OutputStyle))
#10 /Users/camrynreid/Documents/School/CapstoneProject/housemates/vendor/laravel/framework/src/Illuminate/Console/Command.php(121): Symfony\\Component\\Console\\Command\\Command->run(Object(Symfony\\Component\\Console\\Input\\ArgvInput), Object(Illuminate\\Console\\OutputStyle))
#11 /Users/camrynreid/Documents/School/CapstoneProject/housemates/vendor/symfony/console/Application.php(978): Illuminate\\Console\\Command->run(Object(Symfony\\Component\\Console\\Input\\ArgvInput), Object(Symfony\\Component\\Console\\Output\\ConsoleOutput))
#12 /Users/camrynreid/Documents/School/CapstoneProject/housemates/vendor/symfony/console/Application.php(295): Symfony\\Component\\Console\\Application->doRunCommand(Object(Illuminate\\Foundation\\Console\\ServeCommand), Object(Symfony\\Component\\Console\\Input\\ArgvInput), Object(Symfony\\Component\\Console\\Output\\ConsoleOutput))
#13 /Users/camrynreid/Documents/School/CapstoneProject/housemates/vendor/symfony/console/Application.php(167): Symfony\\Component\\Console\\Application->doRun(Object(Symfony\\Component\\Console\\Input\\ArgvInput), Object(Symfony\\Component\\Console\\Output\\ConsoleOutput))
#14 /Users/camrynreid/Documents/School/CapstoneProject/housemates/vendor/laravel/framework/src/Illuminate/Console/Application.php(94): Symfony\\Component\\Console\\Application->run(Object(Symfony\\Component\\Console\\Input\\ArgvInput), Object(Symfony\\Component\\Console\\Output\\ConsoleOutput))
#15 /Users/camrynreid/Documents/School/CapstoneProject/housemates/vendor/laravel/framework/src/Illuminate/Foundation/Console/Kernel.php(129): Illuminate\\Console\\Application->run(Object(Symfony\\Component\\Console\\Input\\ArgvInput), Object(Symfony\\Component\\Console\\Output\\ConsoleOutput))
#16 /Users/camrynreid/Documents/School/CapstoneProject/housemates/artisan(37): Illuminate\\Foundation\\Console\\Kernel->handle(Object(Symfony\\Component\\Console\\Input\\ArgvInput), Object(Symfony\\Component\\Console\\Output\\ConsoleOutput))
#17 {main}
"} 
[2021-12-02 23:29:13] local.ERROR: Uncaught Whoops\Exception\ErrorException: include(/Users/camrynreid/Documents/School/CapstoneProject/housemates/vendor/composer/../facade/ignition/src/SolutionProviders/IncorrectValetDbCredentialsSolutionProvider.php): Failed to open stream: No such file or directory in /Users/camrynreid/Documents/School/CapstoneProject/housemates/vendor/composer/ClassLoader.php:571
Stack trace:
#0 /Users/camrynreid/Documents/School/CapstoneProject/housemates/vendor/composer/ClassLoader.php(571): Whoops\Run->handleError(2, 'include(/Users/...', '/Users/camrynre...', 571)
#1 /Users/camrynreid/Documents/School/CapstoneProject/housemates/vendor/composer/ClassLoader.php(571): include()
#2 /Users/camrynreid/Documents/School/CapstoneProject/housemates/vendor/composer/ClassLoader.php(428): Composer\Autoload\includeFile('/Users/camrynre...')
#3 [internal function]: Composer\Autoload\ClassLoader->loadClass('Facade\\Ignition...')
#4 /Users/camrynreid/Documents/School/CapstoneProject/housemates/vendor/facade/ignition/src/SolutionProviders/SolutionProviderRepository.php(50): class_implements('Facade\\Ignition...')
#5 [internal function]: Facade\Ignition\SolutionProviders\SolutionProviderRepository->Facade\Ignition\SolutionProviders\{closure}('Facade\\Ignition...', 0)
#6 /Users/camrynreid/Documents/School/CapstoneProject/housemates/vendor/laravel/framework/src/Illuminate/Collections/Arr.php(700): array_filter(Array, Object(Closure), 1)
#7 /Users/camrynreid/Documents/School/CapstoneProject/housemates/vendor/laravel/framework/src/Illuminate/Collections/Collection.php(345): Illuminate\Support\Arr::where(Array, Object(Closure))
#8 /Users/camrynreid/Documents/School/CapstoneProject/housemates/vendor/facade/ignition/src/SolutionProviders/SolutionProviderRepository.php(59): Illuminate\Support\Collection->filter(Object(Closure))
#9 /Users/camrynreid/Documents/School/CapstoneProject/housemates/vendor/nunomaduro/collision/src/Adapters/Laravel/IgnitionSolutionsRepository.php(36): Facade\Ignition\SolutionProviders\SolutionProviderRepository->getSolutionsForThrowable(Object(Whoops\Exception\ErrorException))
#10 /Users/camrynreid/Documents/School/CapstoneProject/housemates/vendor/nunomaduro/collision/src/Writer.php(244): NunoMaduro\Collision\Adapters\Laravel\IgnitionSolutionsRepository->getFromThrowable(Object(Whoops\Exception\ErrorException))
#11 /Users/camrynreid/Documents/School/CapstoneProject/housemates/vendor/nunomaduro/collision/src/Writer.php(123): NunoMaduro\Collision\Writer->renderSolution(Object(Whoops\Exception\Inspector))
#12 /Users/camrynreid/Documents/School/CapstoneProject/housemates/vendor/nunomaduro/collision/src/Handler.php(39): NunoMaduro\Collision\Writer->write(Object(Whoops\Exception\Inspector))
#13 /Users/camrynreid/Documents/School/CapstoneProject/housemates/vendor/filp/whoops/src/Whoops/Run.php(370): NunoMaduro\Collision\Handler->handle(Object(Whoops\Exception\ErrorException))
#14 [internal function]: Whoops\Run->handleException(Object(Whoops\Exception\ErrorException))
#15 {main}
  thrown {"exception":"[object] (Symfony\\Component\\ErrorHandler\\Error\\FatalError(code: 0): Uncaught Whoops\\Exception\\ErrorException: include(/Users/camrynreid/Documents/School/CapstoneProject/housemates/vendor/composer/../facade/ignition/src/SolutionProviders/IncorrectValetDbCredentialsSolutionProvider.php): Failed to open stream: No such file or directory in /Users/camrynreid/Documents/School/CapstoneProject/housemates/vendor/composer/ClassLoader.php:571
Stack trace:
#0 /Users/camrynreid/Documents/School/CapstoneProject/housemates/vendor/composer/ClassLoader.php(571): Whoops\\Run->handleError(2, 'include(/Users/...', '/Users/camrynre...', 571)
#1 /Users/camrynreid/Documents/School/CapstoneProject/housemates/vendor/composer/ClassLoader.php(571): include()
#2 /Users/camrynreid/Documents/School/CapstoneProject/housemates/vendor/composer/ClassLoader.php(428): Composer\\Autoload\\includeFile('/Users/camrynre...')
#3 [internal function]: Composer\\Autoload\\ClassLoader->loadClass('Facade\\\\Ignition...')
#4 /Users/camrynreid/Documents/School/CapstoneProject/housemates/vendor/facade/ignition/src/SolutionProviders/SolutionProviderRepository.php(50): class_implements('Facade\\\\Ignition...')
#5 [internal function]: Facade\\Ignition\\SolutionProviders\\SolutionProviderRepository->Facade\\Ignition\\SolutionProviders\\{closure}('Facade\\\\Ignition...', 0)
#6 /Users/camrynreid/Documents/School/CapstoneProject/housemates/vendor/laravel/framework/src/Illuminate/Collections/Arr.php(700): array_filter(Array, Object(Closure), 1)
#7 /Users/camrynreid/Documents/School/CapstoneProject/housemates/vendor/laravel/framework/src/Illuminate/Collections/Collection.php(345): Illuminate\\Support\\Arr::where(Array, Object(Closure))
#8 /Users/camrynreid/Documents/School/CapstoneProject/housemates/vendor/facade/ignition/src/SolutionProviders/SolutionProviderRepository.php(59): Illuminate\\Support\\Collection->filter(Object(Closure))
#9 /Users/camrynreid/Documents/School/CapstoneProject/housemates/vendor/nunomaduro/collision/src/Adapters/Laravel/IgnitionSolutionsRepository.php(36): Facade\\Ignition\\SolutionProviders\\SolutionProviderRepository->getSolutionsForThrowable(Object(Whoops\\Exception\\ErrorException))
#10 /Users/camrynreid/Documents/School/CapstoneProject/housemates/vendor/nunomaduro/collision/src/Writer.php(244): NunoMaduro\\Collision\\Adapters\\Laravel\\IgnitionSolutionsRepository->getFromThrowable(Object(Whoops\\Exception\\ErrorException))
#11 /Users/camrynreid/Documents/School/CapstoneProject/housemates/vendor/nunomaduro/collision/src/Writer.php(123): NunoMaduro\\Collision\\Writer->renderSolution(Object(Whoops\\Exception\\Inspector))
#12 /Users/camrynreid/Documents/School/CapstoneProject/housemates/vendor/nunomaduro/collision/src/Handler.php(39): NunoMaduro\\Collision\\Writer->write(Object(Whoops\\Exception\\Inspector))
#13 /Users/camrynreid/Documents/School/CapstoneProject/housemates/vendor/filp/whoops/src/Whoops/Run.php(370): NunoMaduro\\Collision\\Handler->handle(Object(Whoops\\Exception\\ErrorException))
#14 [internal function]: Whoops\\Run->handleException(Object(Whoops\\Exception\\ErrorException))
#15 {main}
  thrown at /Users/camrynreid/Documents/School/CapstoneProject/housemates/vendor/composer/ClassLoader.php:571)
[stacktrace]
#0 {main}
"} 
[2021-12-02 23:29:14] local.ERROR: filemtime(): stat failed for /Users/camrynreid/Documents/School/CapstoneProject/housemates/.env {"exception":"[object] (ErrorException(code: 0): filemtime(): stat failed for /Users/camrynreid/Documents/School/CapstoneProject/housemates/.env at /Users/camrynreid/Documents/School/CapstoneProject/housemates/vendor/laravel/framework/src/Illuminate/Foundation/Console/ServeCommand.php:66)
[stacktrace]
#0 [internal function]: Illuminate\\Foundation\\Bootstrap\\HandleExceptions->handleError(2, 'filemtime(): st...', '/Users/camrynre...', 66)
#1 /Users/camrynreid/Documents/School/CapstoneProject/housemates/vendor/laravel/framework/src/Illuminate/Foundation/Console/ServeCommand.php(66): filemtime('/Users/camrynre...')
#2 /Users/camrynreid/Documents/School/CapstoneProject/housemates/vendor/laravel/framework/src/Illuminate/Container/BoundMethod.php(36): Illuminate\\Foundation\\Console\\ServeCommand->handle()
#3 /Users/camrynreid/Documents/School/CapstoneProject/housemates/vendor/laravel/framework/src/Illuminate/Container/Util.php(40): Illuminate\\Container\\BoundMethod::Illuminate\\Container\\{closure}()
#4 /Users/camrynreid/Documents/School/CapstoneProject/housemates/vendor/laravel/framework/src/Illuminate/Container/BoundMethod.php(93): Illuminate\\Container\\Util::unwrapIfClosure(Object(Closure))
#5 /Users/camrynreid/Documents/School/CapstoneProject/housemates/vendor/laravel/framework/src/Illuminate/Container/BoundMethod.php(37): Illuminate\\Container\\BoundMethod::callBoundMethod(Object(Illuminate\\Foundation\\Application), Array, Object(Closure))
#6 /Users/camrynreid/Documents/School/CapstoneProject/housemates/vendor/laravel/framework/src/Illuminate/Container/Container.php(653): Illuminate\\Container\\BoundMethod::call(Object(Illuminate\\Foundation\\Application), Array, Array, NULL)
#7 /Users/camrynreid/Documents/School/CapstoneProject/housemates/vendor/laravel/framework/src/Illuminate/Console/Command.php(136): Illuminate\\Container\\Container->call(Array)
#8 /Users/camrynreid/Documents/School/CapstoneProject/housemates/vendor/symfony/console/Command/Command.php(299): Illuminate\\Console\\Command->execute(Object(Symfony\\Component\\Console\\Input\\ArgvInput), Object(Illuminate\\Console\\OutputStyle))
#9 /Users/camrynreid/Documents/School/CapstoneProject/housemates/vendor/laravel/framework/src/Illuminate/Console/Command.php(121): Symfony\\Component\\Console\\Command\\Command->run(Object(Symfony\\Component\\Console\\Input\\ArgvInput), Object(Illuminate\\Console\\OutputStyle))
#10 /Users/camrynreid/Documents/School/CapstoneProject/housemates/vendor/symfony/console/Application.php(978): Illuminate\\Console\\Command->run(Object(Symfony\\Component\\Console\\Input\\ArgvInput), Object(Symfony\\Component\\Console\\Output\\ConsoleOutput))
#11 /Users/camrynreid/Documents/School/CapstoneProject/housemates/vendor/symfony/console/Application.php(295): Symfony\\Component\\Console\\Application->doRunCommand(Object(Illuminate\\Foundation\\Console\\ServeCommand), Object(Symfony\\Component\\Console\\Input\\ArgvInput), Object(Symfony\\Component\\Console\\Output\\ConsoleOutput))
#12 /Users/camrynreid/Documents/School/CapstoneProject/housemates/vendor/symfony/console/Application.php(167): Symfony\\Component\\Console\\Application->doRun(Object(Symfony\\Component\\Console\\Input\\ArgvInput), Object(Symfony\\Component\\Console\\Output\\ConsoleOutput))
#13 /Users/camrynreid/Documents/School/CapstoneProject/housemates/vendor/laravel/framework/src/Illuminate/Console/Application.php(94): Symfony\\Component\\Console\\Application->run(Object(Symfony\\Component\\Console\\Input\\ArgvInput), Object(Symfony\\Component\\Console\\Output\\ConsoleOutput))
#14 /Users/camrynreid/Documents/School/CapstoneProject/housemates/vendor/laravel/framework/src/Illuminate/Foundation/Console/Kernel.php(129): Illuminate\\Console\\Application->run(Object(Symfony\\Component\\Console\\Input\\ArgvInput), Object(Symfony\\Component\\Console\\Output\\ConsoleOutput))
#15 /Users/camrynreid/Documents/School/CapstoneProject/housemates/artisan(37): Illuminate\\Foundation\\Console\\Kernel->handle(Object(Symfony\\Component\\Console\\Input\\ArgvInput), Object(Symfony\\Component\\Console\\Output\\ConsoleOutput))
#16 {main}
"} 
[2021-12-02 23:29:14] local.ERROR: include(/Users/camrynreid/Documents/School/CapstoneProject/housemates/vendor/composer/../filp/whoops/src/Whoops/Handler/Handler.php): Failed to open stream: No such file or directory {"exception":"[object] (ErrorException(code: 0): include(/Users/camrynreid/Documents/School/CapstoneProject/housemates/vendor/composer/../filp/whoops/src/Whoops/Handler/Handler.php): Failed to open stream: No such file or directory at /Users/camrynreid/Documents/School/CapstoneProject/housemates/vendor/composer/ClassLoader.php:571)
[stacktrace]
#0 /Users/camrynreid/Documents/School/CapstoneProject/housemates/vendor/composer/ClassLoader.php(571): Illuminate\\Foundation\\Bootstrap\\HandleExceptions->handleError(2, 'include(/Users/...', '/Users/camrynre...', 571)
#1 /Users/camrynreid/Documents/School/CapstoneProject/housemates/vendor/composer/ClassLoader.php(571): include()
#2 /Users/camrynreid/Documents/School/CapstoneProject/housemates/vendor/composer/ClassLoader.php(428): Composer\\Autoload\\includeFile('/Users/camrynre...')
#3 /Users/camrynreid/Documents/School/CapstoneProject/housemates/vendor/nunomaduro/collision/src/Handler.php(17): Composer\\Autoload\\ClassLoader->loadClass('Whoops\\\\Handler\\\\...')
#4 /Users/camrynreid/Documents/School/CapstoneProject/housemates/vendor/composer/ClassLoader.php(571): include('/Users/camrynre...')
#5 /Users/camrynreid/Documents/School/CapstoneProject/housemates/vendor/composer/ClassLoader.php(428): Composer\\Autoload\\includeFile('/Users/camrynre...')
#6 /Users/camrynreid/Documents/School/CapstoneProject/housemates/vendor/nunomaduro/collision/src/Adapters/Laravel/CollisionServiceProvider.php(58): Composer\\Autoload\\ClassLoader->loadClass('NunoMaduro\\\\Coll...')
#7 /Users/camrynreid/Documents/School/CapstoneProject/housemates/vendor/laravel/framework/src/Illuminate/Container/Container.php(873): NunoMaduro\\Collision\\Adapters\\Laravel\\CollisionServiceProvider->NunoMaduro\\Collision\\Adapters\\Laravel\\{closure}(Object(Illuminate\\Foundation\\Application), Array)
#8 /Users/camrynreid/Documents/School/CapstoneProject/housemates/vendor/laravel/framework/src/Illuminate/Container/Container.php(758): Illuminate\\Container\\Container->build(Object(Closure))
#9 /Users/camrynreid/Documents/School/CapstoneProject/housemates/vendor/laravel/framework/src/Illuminate/Foundation/Application.php(841): Illuminate\\Container\\Container->resolve('NunoMaduro\\\\Coll...', Array, true)
#10 /Users/camrynreid/Documents/School/CapstoneProject/housemates/vendor/laravel/framework/src/Illuminate/Container/Container.php(694): Illuminate\\Foundation\\Application->resolve('NunoMaduro\\\\Coll...', Array)
#11 /Users/camrynreid/Documents/School/CapstoneProject/housemates/vendor/laravel/framework/src/Illuminate/Foundation/Application.php(826): Illuminate\\Container\\Container->make('NunoMaduro\\\\Coll...', Array)
#12 /Users/camrynreid/Documents/School/CapstoneProject/housemates/vendor/nunomaduro/collision/src/Adapters/Laravel/ExceptionHandler.php(65): Illuminate\\Foundation\\Application->make('NunoMaduro\\\\Coll...')
#13 /Users/camrynreid/Documents/School/CapstoneProject/housemates/vendor/laravel/framework/src/Illuminate/Foundation/Console/Kernel.php(378): NunoMaduro\\Collision\\Adapters\\Laravel\\ExceptionHandler->renderForConsole(Object(Symfony\\Component\\Console\\Output\\ConsoleOutput), Object(ErrorException))
#14 /Users/camrynreid/Documents/School/CapstoneProject/housemates/vendor/laravel/framework/src/Illuminate/Foundation/Console/Kernel.php(133): Illuminate\\Foundation\\Console\\Kernel->renderException(Object(Symfony\\Component\\Console\\Output\\ConsoleOutput), Object(ErrorException))
#15 /Users/camrynreid/Documents/School/CapstoneProject/housemates/artisan(37): Illuminate\\Foundation\\Console\\Kernel->handle(Object(Symfony\\Component\\Console\\Input\\ArgvInput), Object(Symfony\\Component\\Console\\Output\\ConsoleOutput))
#16 {main}
"} 
[2021-12-02 23:29:14] local.ERROR: Uncaught ErrorException: include(/Users/camrynreid/Documents/School/CapstoneProject/housemates/vendor/composer/../filp/whoops/src/Whoops/Handler/Handler.php): Failed to open stream: No such file or directory in /Users/camrynreid/Documents/School/CapstoneProject/housemates/vendor/composer/ClassLoader.php:571
Stack trace:
#0 /Users/camrynreid/Documents/School/CapstoneProject/housemates/vendor/composer/ClassLoader.php(571): Illuminate\Foundation\Bootstrap\HandleExceptions->handleError(2, 'include(/Users/...', '/Users/camrynre...', 571)
#1 /Users/camrynreid/Documents/School/CapstoneProject/housemates/vendor/composer/ClassLoader.php(571): include()
#2 /Users/camrynreid/Documents/School/CapstoneProject/housemates/vendor/composer/ClassLoader.php(428): Composer\Autoload\includeFile('/Users/camrynre...')
#3 /Users/camrynreid/Documents/School/CapstoneProject/housemates/vendor/nunomaduro/collision/src/Handler.php(17): Composer\Autoload\ClassLoader->loadClass('Whoops\\Handler\\...')
#4 /Users/camrynreid/Documents/School/CapstoneProject/housemates/vendor/composer/ClassLoader.php(571): include('/Users/camrynre...')
#5 /Users/camrynreid/Documents/School/CapstoneProject/housemates/vendor/composer/ClassLoader.php(428): Composer\Autoload\includeFile('/Users/camrynre...')
#6 /Users/camrynreid/Documents/School/CapstoneProject/housemates/vendor/nunomaduro/collision/src/Adapters/Laravel/CollisionServiceProvider.php(58): Composer\Autoload\ClassLoader->loadClass('NunoMaduro\\Coll...')
#7 /Users/camrynreid/Documents/School/CapstoneProject/housemates/vendor/laravel/framework/src/Illuminate/Container/Container.php(873): NunoMaduro\Collision\Adapters\Laravel\CollisionServiceProvider->NunoMaduro\Collision\Adapters\Laravel\{closure}(Object(Illuminate\Foundation\Application), Array)
#8 /Users/camrynreid/Documents/School/CapstoneProject/housemates/vendor/laravel/framework/src/Illuminate/Container/Container.php(758): Illuminate\Container\Container->build(Object(Closure))
#9 /Users/camrynreid/Documents/School/CapstoneProject/housemates/vendor/laravel/framework/src/Illuminate/Foundation/Application.php(841): Illuminate\Container\Container->resolve('NunoMaduro\\Coll...', Array, true)
#10 /Users/camrynreid/Documents/School/CapstoneProject/housemates/vendor/laravel/framework/src/Illuminate/Container/Container.php(694): Illuminate\Foundation\Application->resolve('NunoMaduro\\Coll...', Array)
#11 /Users/camrynreid/Documents/School/CapstoneProject/housemates/vendor/laravel/framework/src/Illuminate/Foundation/Application.php(826): Illuminate\Container\Container->make('NunoMaduro\\Coll...', Array)
#12 /Users/camrynreid/Documents/School/CapstoneProject/housemates/vendor/nunomaduro/collision/src/Adapters/Laravel/ExceptionHandler.php(65): Illuminate\Foundation\Application->make('NunoMaduro\\Coll...')
#13 /Users/camrynreid/Documents/School/CapstoneProject/housemates/vendor/laravel/framework/src/Illuminate/Foundation/Bootstrap/HandleExceptions.php(156): NunoMaduro\Collision\Adapters\Laravel\ExceptionHandler->renderForConsole(Object(Symfony\Component\Console\Output\ConsoleOutput), Object(ErrorException))
#14 /Users/camrynreid/Documents/School/CapstoneProject/housemates/vendor/laravel/framework/src/Illuminate/Foundation/Bootstrap/HandleExceptions.php(142): Illuminate\Foundation\Bootstrap\HandleExceptions->renderForConsole(Object(ErrorException))
#15 [internal function]: Illuminate\Foundation\Bootstrap\HandleExceptions->handleException(Object(ErrorException))
#16 {main}
  thrown {"exception":"[object] (Symfony\\Component\\ErrorHandler\\Error\\FatalError(code: 0): Uncaught ErrorException: include(/Users/camrynreid/Documents/School/CapstoneProject/housemates/vendor/composer/../filp/whoops/src/Whoops/Handler/Handler.php): Failed to open stream: No such file or directory in /Users/camrynreid/Documents/School/CapstoneProject/housemates/vendor/composer/ClassLoader.php:571
Stack trace:
#0 /Users/camrynreid/Documents/School/CapstoneProject/housemates/vendor/composer/ClassLoader.php(571): Illuminate\\Foundation\\Bootstrap\\HandleExceptions->handleError(2, 'include(/Users/...', '/Users/camrynre...', 571)
#1 /Users/camrynreid/Documents/School/CapstoneProject/housemates/vendor/composer/ClassLoader.php(571): include()
#2 /Users/camrynreid/Documents/School/CapstoneProject/housemates/vendor/composer/ClassLoader.php(428): Composer\\Autoload\\includeFile('/Users/camrynre...')
#3 /Users/camrynreid/Documents/School/CapstoneProject/housemates/vendor/nunomaduro/collision/src/Handler.php(17): Composer\\Autoload\\ClassLoader->loadClass('Whoops\\\\Handler\\\\...')
#4 /Users/camrynreid/Documents/School/CapstoneProject/housemates/vendor/composer/ClassLoader.php(571): include('/Users/camrynre...')
#5 /Users/camrynreid/Documents/School/CapstoneProject/housemates/vendor/composer/ClassLoader.php(428): Composer\\Autoload\\includeFile('/Users/camrynre...')
#6 /Users/camrynreid/Documents/School/CapstoneProject/housemates/vendor/nunomaduro/collision/src/Adapters/Laravel/CollisionServiceProvider.php(58): Composer\\Autoload\\ClassLoader->loadClass('NunoMaduro\\\\Coll...')
#7 /Users/camrynreid/Documents/School/CapstoneProject/housemates/vendor/laravel/framework/src/Illuminate/Container/Container.php(873): NunoMaduro\\Collision\\Adapters\\Laravel\\CollisionServiceProvider->NunoMaduro\\Collision\\Adapters\\Laravel\\{closure}(Object(Illuminate\\Foundation\\Application), Array)
#8 /Users/camrynreid/Documents/School/CapstoneProject/housemates/vendor/laravel/framework/src/Illuminate/Container/Container.php(758): Illuminate\\Container\\Container->build(Object(Closure))
#9 /Users/camrynreid/Documents/School/CapstoneProject/housemates/vendor/laravel/framework/src/Illuminate/Foundation/Application.php(841): Illuminate\\Container\\Container->resolve('NunoMaduro\\\\Coll...', Array, true)
#10 /Users/camrynreid/Documents/School/CapstoneProject/housemates/vendor/laravel/framework/src/Illuminate/Container/Container.php(694): Illuminate\\Foundation\\Application->resolve('NunoMaduro\\\\Coll...', Array)
#11 /Users/camrynreid/Documents/School/CapstoneProject/housemates/vendor/laravel/framework/src/Illuminate/Foundation/Application.php(826): Illuminate\\Container\\Container->make('NunoMaduro\\\\Coll...', Array)
#12 /Users/camrynreid/Documents/School/CapstoneProject/housemates/vendor/nunomaduro/collision/src/Adapters/Laravel/ExceptionHandler.php(65): Illuminate\\Foundation\\Application->make('NunoMaduro\\\\Coll...')
#13 /Users/camrynreid/Documents/School/CapstoneProject/housemates/vendor/laravel/framework/src/Illuminate/Foundation/Bootstrap/HandleExceptions.php(156): NunoMaduro\\Collision\\Adapters\\Laravel\\ExceptionHandler->renderForConsole(Object(Symfony\\Component\\Console\\Output\\ConsoleOutput), Object(ErrorException))
#14 /Users/camrynreid/Documents/School/CapstoneProject/housemates/vendor/laravel/framework/src/Illuminate/Foundation/Bootstrap/HandleExceptions.php(142): Illuminate\\Foundation\\Bootstrap\\HandleExceptions->renderForConsole(Object(ErrorException))
#15 [internal function]: Illuminate\\Foundation\\Bootstrap\\HandleExceptions->handleException(Object(ErrorException))
#16 {main}
  thrown at /Users/camrynreid/Documents/School/CapstoneProject/housemates/vendor/composer/ClassLoader.php:571)
[stacktrace]
#0 {main}
"} 
